<component name="libraryTable">
  <library name="junit_junit_4.8.2">
    <CLASSES>
      <root url="jar://$PROJECT_DIR$/../repository/cache/junit/junit/jars/junit-4.8.2.jar!/" />
    </CLASSES>
    <JAVADOC>
      <root url="jar://$PROJECT_DIR$/../repository/cache/junit/junit/docs/junit-4.8.2-javadoc.jar!/" />
    </JAVADOC>
    <SOURCES>
      <root url="jar://$PROJECT_DIR$/../repository/cache/junit/junit/srcs/junit-4.8.2-sources.jar!/" />
    </SOURCES>
  </library>
</component>